config/dashboards/README.md
config/dashboards/overview.json
config/dashboards/pd.json
config/dashboards/tidb.json
config/dashboards/tikv_pull.json
config/drainer.toml
config/grafana/grafana.ini
config/grafana/provisioning/dashboards/dashboards.yaml
config/grafana/provisioning/datasources/datasources.yaml
config/grafana-datasource.json
config/overview-dashboard.json
config/pd-dashboard.json
config/pd.rules.yml
config/pd.toml
config/prometheus.yml
config/pump.toml
config/spark-defaults.conf
config/tidb-dashboard.json
config/tidb.rules.yml
config/tidb.toml
config/tikv-dashboard.json
config/tikv.rules.yml
config/tikv.toml
